<?xml version="1.0" encoding="UTF-8"?>
<!-- Generated by org.testng.reporters.JUnitXMLReporter -->
<testsuite hostname="DESKTOP-SOD77OH" name="Test" tests="4" failures="1" timestamp="28 May 2017 15:02:47 GMT" time="334.868" errors="0">
  <testcase name="@AfterMethod tearDown" time="0.0" classname="WebDriverTest.RecordTestingForMultipleRecords">
    <failure type="org.openqa.selenium.UnhandledAlertException" message="unexpected alert open: {Alert text : If you exit you will lose all of your changes.}
  (Session info: chrome=57.0.2987.133)
  (Driver info: chromedriver=2.29.461591 (62ebf098771772160f391d75e589dc567915b233),platform=Windows NT 10.0.14393 x86_64) (WARNING: The server did not provide any stacktrace information)
Command duration or timeout: 12 milliseconds: null
Build info: version: &amp;apos;2.45.0&amp;apos;, revision: &amp;apos;5017cb8&amp;apos;, time: &amp;apos;2015-02-26 23:59:50&amp;apos;
System info: host: &amp;apos;DESKTOP-SOD77OH&amp;apos;, ip: &amp;apos;192.168.1.4&amp;apos;, os.name: &amp;apos;Windows 10&amp;apos;, os.arch: &amp;apos;amd64&amp;apos;, os.version: &amp;apos;10.0&amp;apos;, java.version: &amp;apos;1.8.0_131&amp;apos;
Driver info: org.openqa.selenium.chrome.ChromeDriver
Capabilities [{applicationCacheEnabled=false, rotatable=false, mobileEmulationEnabled=false, networkConnectionEnabled=false, chrome={chromedriverVersion=2.29.461591 (62ebf098771772160f391d75e589dc567915b233), userDataDir=C:\Users\Mazhar\AppData\Local\Temp\scoped_dir1728_13418}, takesHeapSnapshot=true, pageLoadStrategy=normal, databaseEnabled=false, handlesAlerts=true, hasTouchScreen=false, version=57.0.2987.133, platform=XP, browserConnectionEnabled=false, nativeEvents=true, acceptSslCerts=true, locationContextEnabled=true, webStorageEnabled=true, browserName=chrome, takesScreenshot=true, javascriptEnabled=true, cssSelectorsEnabled=true, unexpectedAlertBehaviour=}]
Session ID: 04d6c0a1cb83eaf9be5b9d1aa3229a87">
      <![CDATA[org.openqa.selenium.UnhandledAlertException: unexpected alert open: {Alert text : If you exit you will lose all of your changes.}
  (Session info: chrome=57.0.2987.133)
  (Driver info: chromedriver=2.29.461591 (62ebf098771772160f391d75e589dc567915b233),platform=Windows NT 10.0.14393 x86_64) (WARNING: The server did not provide any stacktrace information)
Command duration or timeout: 12 milliseconds: null
Build info: version: '2.45.0', revision: '5017cb8', time: '2015-02-26 23:59:50'
System info: host: 'DESKTOP-SOD77OH', ip: '192.168.1.4', os.name: 'Windows 10', os.arch: 'amd64', os.version: '10.0', java.version: '1.8.0_131'
Driver info: org.openqa.selenium.chrome.ChromeDriver
Capabilities [{applicationCacheEnabled=false, rotatable=false, mobileEmulationEnabled=false, networkConnectionEnabled=false, chrome={chromedriverVersion=2.29.461591 (62ebf098771772160f391d75e589dc567915b233), userDataDir=C:\Users\Mazhar\AppData\Local\Temp\scoped_dir1728_13418}, takesHeapSnapshot=true, pageLoadStrategy=normal, databaseEnabled=false, handlesAlerts=true, hasTouchScreen=false, version=57.0.2987.133, platform=XP, browserConnectionEnabled=false, nativeEvents=true, acceptSslCerts=true, locationContextEnabled=true, webStorageEnabled=true, browserName=chrome, takesScreenshot=true, javascriptEnabled=true, cssSelectorsEnabled=true, unexpectedAlertBehaviour=}]
Session ID: 04d6c0a1cb83eaf9be5b9d1aa3229a87
	at org.openqa.selenium.remote.ErrorHandler.createThrowable(ErrorHandler.java:204)
	at org.openqa.selenium.remote.ErrorHandler.throwIfResponseFailed(ErrorHandler.java:162)
	at org.openqa.selenium.remote.RemoteWebDriver.execute(RemoteWebDriver.java:599)
	at org.openqa.selenium.remote.RemoteWebDriver.execute(RemoteWebDriver.java:622)
	at org.openqa.selenium.remote.RemoteWebDriver.getScreenshotAs(RemoteWebDriver.java:324)
	at util.CommonLibrary.capture(CommonLibrary.java:679)
	at WebDriverTest.RecordTestingForMultipleRecords.tearDown(RecordTestingForMultipleRecords.java:416)
... Removed 30 stack frames]]>
    </failure>
  </testcase> <!-- @AfterMethod tearDown -->
  <testcase name="@AfterClass oneTimeTearDown" time="0.0" classname="WebDriverTest.RecordTestingForMultipleRecords">
    <skipped/>
  </testcase> <!-- @AfterClass oneTimeTearDown -->
  <testcase name="insertOperation" time="334.792" classname="WebDriverTest.RecordTestingForMultipleRecords">
    <failure type="org.openqa.selenium.UnhandledAlertException" message="unexpected alert open: {Alert text : If you exit you will lose all of your changes.}
  (Session info: chrome=57.0.2987.133)
  (Driver info: chromedriver=2.29.461591 (62ebf098771772160f391d75e589dc567915b233),platform=Windows NT 10.0.14393 x86_64) (WARNING: The server did not provide any stacktrace information)
Command duration or timeout: 4 milliseconds: null
Build info: version: &amp;apos;2.45.0&amp;apos;, revision: &amp;apos;5017cb8&amp;apos;, time: &amp;apos;2015-02-26 23:59:50&amp;apos;
System info: host: &amp;apos;DESKTOP-SOD77OH&amp;apos;, ip: &amp;apos;192.168.1.4&amp;apos;, os.name: &amp;apos;Windows 10&amp;apos;, os.arch: &amp;apos;amd64&amp;apos;, os.version: &amp;apos;10.0&amp;apos;, java.version: &amp;apos;1.8.0_131&amp;apos;
Driver info: org.openqa.selenium.chrome.ChromeDriver
Capabilities [{applicationCacheEnabled=false, rotatable=false, mobileEmulationEnabled=false, networkConnectionEnabled=false, chrome={chromedriverVersion=2.29.461591 (62ebf098771772160f391d75e589dc567915b233), userDataDir=C:\Users\Mazhar\AppData\Local\Temp\scoped_dir1728_13418}, takesHeapSnapshot=true, pageLoadStrategy=normal, databaseEnabled=false, handlesAlerts=true, hasTouchScreen=false, version=57.0.2987.133, platform=XP, browserConnectionEnabled=false, nativeEvents=true, acceptSslCerts=true, locationContextEnabled=true, webStorageEnabled=true, browserName=chrome, takesScreenshot=true, javascriptEnabled=true, cssSelectorsEnabled=true, unexpectedAlertBehaviour=}]
Session ID: 04d6c0a1cb83eaf9be5b9d1aa3229a87">
      <![CDATA[org.openqa.selenium.UnhandledAlertException: unexpected alert open: {Alert text : If you exit you will lose all of your changes.}
  (Session info: chrome=57.0.2987.133)
  (Driver info: chromedriver=2.29.461591 (62ebf098771772160f391d75e589dc567915b233),platform=Windows NT 10.0.14393 x86_64) (WARNING: The server did not provide any stacktrace information)
Command duration or timeout: 4 milliseconds: null
Build info: version: '2.45.0', revision: '5017cb8', time: '2015-02-26 23:59:50'
System info: host: 'DESKTOP-SOD77OH', ip: '192.168.1.4', os.name: 'Windows 10', os.arch: 'amd64', os.version: '10.0', java.version: '1.8.0_131'
Driver info: org.openqa.selenium.chrome.ChromeDriver
Capabilities [{applicationCacheEnabled=false, rotatable=false, mobileEmulationEnabled=false, networkConnectionEnabled=false, chrome={chromedriverVersion=2.29.461591 (62ebf098771772160f391d75e589dc567915b233), userDataDir=C:\Users\Mazhar\AppData\Local\Temp\scoped_dir1728_13418}, takesHeapSnapshot=true, pageLoadStrategy=normal, databaseEnabled=false, handlesAlerts=true, hasTouchScreen=false, version=57.0.2987.133, platform=XP, browserConnectionEnabled=false, nativeEvents=true, acceptSslCerts=true, locationContextEnabled=true, webStorageEnabled=true, browserName=chrome, takesScreenshot=true, javascriptEnabled=true, cssSelectorsEnabled=true, unexpectedAlertBehaviour=}]
Session ID: 04d6c0a1cb83eaf9be5b9d1aa3229a87
	at org.openqa.selenium.remote.ErrorHandler.createThrowable(ErrorHandler.java:204)
	at org.openqa.selenium.remote.ErrorHandler.throwIfResponseFailed(ErrorHandler.java:162)
	at org.openqa.selenium.remote.RemoteWebDriver.execute(RemoteWebDriver.java:599)
	at org.openqa.selenium.remote.RemoteWebDriver.execute(RemoteWebDriver.java:622)
	at org.openqa.selenium.remote.RemoteWebDriver.getPageSource(RemoteWebDriver.java:459)
	at util.CommonLibrary.clickOn(CommonLibrary.java:602)
	at util.CommonLibrary.clickOn(CommonLibrary.java:604)
	at util.CommonLibrary.clickOn(CommonLibrary.java:604)
	at util.CommonLibrary.clickOn(CommonLibrary.java:604)
	at util.CommonLibrary.clickOn(CommonLibrary.java:604)
	at util.CommonLibrary.clickOn(CommonLibrary.java:604)
	at util.CommonLibrary.clickOn(CommonLibrary.java:604)
	at util.CommonLibrary.clickOn(CommonLibrary.java:604)
	at util.CommonLibrary.clickOn(CommonLibrary.java:604)
	at util.CommonLibrary.clickOn(CommonLibrary.java:604)
	at util.CommonLibrary.clickOn(CommonLibrary.java:604)
	at util.CommonLibrary.clickOn(CommonLibrary.java:604)
	at util.CommonLibrary.clickOn(CommonLibrary.java:604)
	at util.CommonLibrary.clickOn(CommonLibrary.java:604)
	at util.CommonLibrary.clickOn(CommonLibrary.java:604)
	at util.CommonLibrary.clickOn(CommonLibrary.java:604)
	at util.CommonLibrary.clickOn(CommonLibrary.java:604)
	at util.CommonLibrary.clickOn(CommonLibrary.java:604)
	at util.CommonLibrary.clickOn(CommonLibrary.java:604)
	at util.CommonLibrary.clickOn(CommonLibrary.java:604)
	at util.CommonLibrary.clickOn(CommonLibrary.java:604)
	at util.CommonLibrary.clickOn(CommonLibrary.java:604)
	at util.CommonLibrary.clickOn(CommonLibrary.java:604)
	at util.CommonLibrary.clickOn(CommonLibrary.java:604)
	at util.CommonLibrary.clickOn(CommonLibrary.java:604)
	at util.CommonLibrary.clickOn(CommonLibrary.java:604)
	at util.CommonLibrary.clickOn(CommonLibrary.java:604)
	at util.CommonLibrary.clickOn(CommonLibrary.java:604)
	at util.CommonLibrary.clickOn(CommonLibrary.java:604)
	at util.CommonLibrary.clickOn(CommonLibrary.java:604)
	at util.CommonLibrary.clickOn(CommonLibrary.java:604)
	at util.CommonLibrary.clickOn(CommonLibrary.java:604)
	at util.CommonLibrary.clickOn(CommonLibrary.java:604)
	at util.CommonLibrary.clickOn(CommonLibrary.java:604)
	at util.CommonLibrary.clickOn(CommonLibrary.java:604)
	at util.CommonLibrary.clickOn(CommonLibrary.java:604)
	at util.CommonLibrary.clickOn(CommonLibrary.java:604)
	at util.CommonLibrary.clickOn(CommonLibrary.java:604)
	at util.CommonLibrary.clickOn(CommonLibrary.java:604)
	at util.CommonLibrary.clickOn(CommonLibrary.java:604)
	at util.CommonLibrary.clickOn(CommonLibrary.java:604)
	at util.CommonLibrary.clickOn(CommonLibrary.java:604)
	at util.CommonLibrary.clickOn(CommonLibrary.java:604)
	at util.CommonLibrary.clickOn(CommonLibrary.java:604)
	at WebDriverTest.RecordTestingForMultipleRecords.loadTemplateAndPerformDataOperation(RecordTestingForMultipleRecords.java:182)
	at WebDriverTest.RecordTestingForMultipleRecords.insertOperation(RecordTestingForMultipleRecords.java:233)
... Removed 28 stack frames]]>
    </failure>
  </testcase> <!-- insertOperation -->
  <testcase name="updateOperation" time="0.0" classname="WebDriverTest.RecordTestingForMultipleRecords">
    <skipped/>
  </testcase> <!-- updateOperation -->
  <testcase name="refreshOperation" time="0.0" classname="WebDriverTest.RecordTestingForMultipleRecords">
    <skipped/>
  </testcase> <!-- refreshOperation -->
  <testcase name="deleteOperation" time="0.0" classname="WebDriverTest.RecordTestingForMultipleRecords">
    <skipped/>
  </testcase> <!-- deleteOperation -->
</testsuite> <!-- Test -->
