<?xml version="1.0" encoding="UTF-8"?>
<!-- Generated by org.testng.reporters.JUnitXMLReporter -->
<testsuite hostname="7BJL4Z1" name="Test" tests="8" failures="0" timestamp="31 Mar 2017 12:22:53 GMT" time="685.732" errors="0">
  <testcase name="insertOperation" time="130.731" classname="WebDriverTest.RecordTestingForSingleRecords"/>
  <testcase name="updateOperation" time="102.245" classname="WebDriverTest.RecordTestingForSingleRecords"/>
  <testcase name="refreshOperation" time="81.142" classname="WebDriverTest.RecordTestingForSingleRecords"/>
  <testcase name="deleteOperation" time="33.064" classname="WebDriverTest.RecordTestingForSingleRecords"/>
  <testcase name="insertOperation" time="114.7" classname="WebDriverTest.RecordTestingForSingleRecords"/>
  <testcase name="updateOperation" time="107.496" classname="WebDriverTest.RecordTestingForSingleRecords"/>
  <testcase name="refreshOperation" time="79.851" classname="WebDriverTest.RecordTestingForSingleRecords"/>
  <testcase name="deleteOperation" time="35.032" classname="WebDriverTest.RecordTestingForSingleRecords"/>
</testsuite> <!-- Test -->
