<?xml version="1.0" encoding="UTF-8"?>
<!-- Generated by org.testng.reporters.JUnitXMLReporter -->
<testsuite hostname="7BJL4Z1" name="Test(failed)" tests="1" failures="1" timestamp="25 Mar 2017 12:51:49 GMT" time="0.033" errors="0">
  <testcase name="@BeforeSuite InitialSetup" time="0.0" classname="WebDriverTest.RecordTesting">
    <failure type="java.lang.NullPointerException">
      <![CDATA[java.lang.NullPointerException
... Removed 12 stack frames]]>
    </failure>
  </testcase> <!-- @BeforeSuite InitialSetup -->
  <testcase name="@AfterMethod tearDown" time="0.0" classname="WebDriverTest.RecordTesting">
    <failure type="java.lang.NullPointerException">
      <![CDATA[java.lang.NullPointerException
... Removed 20 stack frames]]>
    </failure>
  </testcase> <!-- @AfterMethod tearDown -->
  <testcase name="insertOperation" time="0.009" classname="WebDriverTest.RecordTesting">
    <failure type="org.testng.TestNGException" message="
Can&amp;apos;t invoke public void WebDriverTest.RecordTesting.insertOperation() throws java.lang.Exception: either make it static or add a no-args constructor to your class">
      <![CDATA[org.testng.TestNGException: 
Can't invoke public void WebDriverTest.RecordTesting.insertOperation() throws java.lang.Exception: either make it static or add a no-args constructor to your class
... Removed 21 stack frames]]>
    </failure>
  </testcase> <!-- insertOperation -->
</testsuite> <!-- Test(failed) -->
